<?xml version="1.0" encoding="UTF-8"?>
<testsuite xmlns:xsi="http://www.w3.org/2001/XMLSchema-instance" xsi:schemaLocation="https://maven.apache.org/surefire/maven-surefire-plugin/xsd/surefire-test-report.xsd" name="cn.edu.hust.e2e.framework.startup.StartupTest" time="0.016" tests="4" errors="0" skipped="4" failures="0">
  <properties>
    <property name="java.runtime.name" value="Java(TM) SE Runtime Environment"/>
    <property name="sun.boot.library.path" value="G:\J2EE\jdk\jre\bin"/>
    <property name="java.vm.version" value="25.162-b12"/>
    <property name="java.vm.vendor" value="Oracle Corporation"/>
    <property name="maven.multiModuleProjectDirectory" value="G:\chidouren\jpacman-framework"/>
    <property name="java.vendor.url" value="http://java.oracle.com/"/>
    <property name="path.separator" value=";"/>
    <property name="guice.disable.misplaced.annotation.check" value="true"/>
    <property name="java.vm.name" value="Java HotSpot(TM) 64-Bit Server VM"/>
    <property name="file.encoding.pkg" value="sun.io"/>
    <property name="user.script" value=""/>
    <property name="user.country" value="CN"/>
    <property name="sun.java.launcher" value="SUN_STANDARD"/>
    <property name="sun.os.patch.level" value=""/>
    <property name="java.vm.specification.name" value="Java Virtual Machine Specification"/>
    <property name="user.dir" value="G:\chidouren\jpacman-framework"/>
    <property name="java.runtime.version" value="1.8.0_162-b12"/>
    <property name="java.awt.graphicsenv" value="sun.awt.Win32GraphicsEnvironment"/>
    <property name="java.endorsed.dirs" value="G:\J2EE\jdk\jre\lib\endorsed"/>
    <property name="os.arch" value="amd64"/>
    <property name="java.io.tmpdir" value="C:\Users\ASUS\AppData\Local\Temp\"/>
    <property name="line.separator" value="&#10;"/>
    <property name="java.vm.specification.vendor" value="Oracle Corporation"/>
    <property name="user.variant" value=""/>
    <property name="os.name" value="Windows 10"/>
    <property name="maven.ext.class.path" value="G:\IntelliJ IDEA 2019.2.4\plugins\maven\lib\maven-event-listener.jar"/>
    <property name="classworlds.conf" value="G:\apache-maven-3.5.2\bin\m2.conf"/>
    <property name="sun.jnu.encoding" value="GBK"/>
    <property name="java.library.path" value="G:\J2EE\jdk\bin;C:\WINDOWS\Sun\Java\bin;C:\WINDOWS\system32;C:\WINDOWS;C:\WINDOWS\system32;C:\WINDOWS;C:\WINDOWS\System32\Wbem;C:\WINDOWS\System32\WindowsPowerShell\v1.0\;C:\Program Files\IDM Computer Solutions\UltraEdit;E:\vs2017\Python37_64\;E:\MySQL\MySQL Server 8.0\bin;E:\mingw64\bin;E:\apache-tomcat-8.5.56;G:\apache-maven-3.5.2\bin;C:\Program Files\dotnet\;G:\nodeJs\;C:\Program Files\NVIDIA Corporation\NVIDIA NvDLISR;G:\GnuWin32\bin\;G:\tesseractOCR\;C:\WINDOWS\system32;C:\WINDOWS;C:\WINDOWS\System32\Wbem;C:\WINDOWS\System32\WindowsPowerShell\v1.0\;C:\WINDOWS\System32\OpenSSH\;G:\J2EE\jdk\bin;G:\J2EE\jdk\jre\bin;D:\Internet Download Manager\;G:\ffmpeg-4.3.1-2020-11-19-essentials_build\ffmpeg-4.3.1-2020-11-19-essentials_build\bin;D:\Git\cmd;E:\vs2017\Python37_64\Scripts\;C:\Users\ASUS\AppData\Local\Microsoft\WindowsApps;E:\Pycharm\PyCharm 2019.1\bin;E:\Pycharm\PyCharm Community Edition 2018.3.5\bin;D:\Bandizip\;G:\MicrosoftVSCode\Microsoft VS Code\bin;C:\Users\ASUS\AppData\Roaming\npm;."/>
    <property name="maven.conf" value="G:\apache-maven-3.5.2/conf"/>
    <property name="java.specification.name" value="Java Platform API Specification"/>
    <property name="java.class.version" value="52.0"/>
    <property name="sun.management.compiler" value="HotSpot 64-Bit Tiered Compilers"/>
    <property name="os.version" value="10.0"/>
    <property name="user.home" value="C:\Users\ASUS"/>
    <property name="user.timezone" value="Asia/Shanghai"/>
    <property name="java.awt.printerjob" value="sun.awt.windows.WPrinterJob"/>
    <property name="java.specification.version" value="1.8"/>
    <property name="file.encoding" value="UTF-8"/>
    <property name="user.name" value="ASUS"/>
    <property name="java.class.path" value="G:\apache-maven-3.5.2\boot\plexus-classworlds-2.5.2.jar;G:\IntelliJ IDEA 2019.2.4\lib\idea_rt.jar"/>
    <property name="java.vm.specification.version" value="1.8"/>
    <property name="sun.arch.data.model" value="64"/>
    <property name="java.home" value="G:\J2EE\jdk\jre"/>
    <property name="sun.java.command" value="org.codehaus.classworlds.Launcher -Didea.version2019.3 -s G:\apache-maven-3.5.2\conf\settings.xml install"/>
    <property name="java.specification.vendor" value="Oracle Corporation"/>
    <property name="user.language" value="zh"/>
    <property name="awt.toolkit" value="sun.awt.windows.WToolkit"/>
    <property name="java.vm.info" value="mixed mode"/>
    <property name="java.version" value="1.8.0_162"/>
    <property name="java.ext.dirs" value="G:\J2EE\jdk\jre\lib\ext;C:\WINDOWS\Sun\Java\lib\ext"/>
    <property name="sun.boot.class.path" value="G:\J2EE\jdk\jre\lib\resources.jar;G:\J2EE\jdk\jre\lib\rt.jar;G:\J2EE\jdk\jre\lib\sunrsasign.jar;G:\J2EE\jdk\jre\lib\jsse.jar;G:\J2EE\jdk\jre\lib\jce.jar;G:\J2EE\jdk\jre\lib\charsets.jar;G:\J2EE\jdk\jre\lib\jfr.jar;G:\J2EE\jdk\jre\classes"/>
    <property name="java.vendor" value="Oracle Corporation"/>
    <property name="maven.home" value="G:\apache-maven-3.5.2"/>
    <property name="file.separator" value="\"/>
    <property name="idea.version2019.3" value="true"/>
    <property name="java.vendor.url.bug" value="http://bugreport.sun.com/bugreport/"/>
    <property name="sun.cpu.endian" value="little"/>
    <property name="sun.io.unicode.encoding" value="UnicodeLittle"/>
    <property name="sun.desktop" value="windows"/>
    <property name="sun.cpu.isalist" value="amd64"/>
  </properties>
  <testcase name="Given the user has launched the JPacman GUI" classname="cn.edu.hust.e2e.framework.startup.StartupTest" time="0">
    <skipped message="&lt;unknown&gt;"/>
    <system-out><![CDATA[@S1 @framework
Feature: Start to play
  As a player
  I want to start the game
  so that I can actually play
]]></system-out>
  </testcase>
  <testcase name="When the user presses the &quot;Start&quot; button" classname="cn.edu.hust.e2e.framework.startup.StartupTest" time="0">
    <skipped message="&lt;unknown&gt;"/>
  </testcase>
  <testcase name="Then the game is running" classname="cn.edu.hust.e2e.framework.startup.StartupTest" time="0">
    <skipped message="&lt;unknown&gt;"/>
  </testcase>
  <testcase name="Scenario: Press start button" classname="cn.edu.hust.e2e.framework.startup.StartupTest" time="0">
    <skipped message="&lt;unknown&gt;"/>
  </testcase>
</testsuite>